gprof.out for KWIC v1.0

Flat profile:

Each sample counts as 0.01 seconds.
  %   cumulative   self              self     total           
 time   seconds   seconds    calls   s/call   s/call  name    
 98.79     24.77    24.77  7884073     0.00     0.00  getLine
  0.92     25.00     0.23  2273008     0.00     0.00  getWord
  0.16     25.04     0.04  2203748     0.00     0.00  getWord
  0.08     25.06     0.02  5611065     0.00     0.00  LSNumWords
  0.08     25.08     0.02  2273008     0.00     0.00  LSGetWord
  0.04     25.09     0.01  1244566     0.00     0.00  SSNumWords
  0.04     25.10     0.01    34630     0.00     0.00  LSAddWord
  0.04     25.11     0.01        1     0.01    15.62  OUPrint
  0.02     25.11     0.01        1     0.01     0.02  INLoad
  0.00     25.11     0.00  1222758     0.00     0.00  SSGetShiftNum
  0.00     25.11     0.00  1222758     0.00     0.00  SSGetWord
  0.00     25.11     0.00    69260     0.00     0.00  WTIsMember
  0.00     25.11     0.00    21809     0.00     0.00  SSNumLines
  0.00     25.11     0.00     3504     0.00     0.00  LSNumLines
  0.00     25.11     0.00     1751     0.00     0.00  LSAddLine
  0.00     25.11     0.00      347     0.00     0.00  getNextWord
  0.00     25.11     0.00        1     0.00     0.00  INInit
  0.00     25.11     0.00        1     0.00     0.00  LSInit
  0.00     25.11     0.00        1     0.00     0.00  OUInit
  0.00     25.11     0.00        1     0.00     0.00  SSInit
  0.00     25.11     0.00        1     0.00     0.45  SSShiftSort
  0.00     25.11     0.00        1     0.00     0.00  WTInit



granularity: each sample hit covers 2 byte(s) for 0.04% of 25.11 seconds

index % time    self  children    called     name
                7.14    0.00 2273008/7884073     LSGetWord [8]
               17.63    0.00 5611065/7884073     LSNumWords [2]
[1]     98.6   24.77    0.00 7884073         getLine [1]
-----------------------------------------------
                0.00    0.23   72762/5611065     SSShiftSort [10]
                0.00    2.72  867231/5611065     lineCompare [7]
                0.00    3.84 1222758/5611065     SSGetWord [6]
                0.00    3.91 1244566/5611065     SSNumWords [9]
                0.01    6.92 2203748/5611065     getWord [5]
[2]           70.3    0.02   17.63 5611065         LSNumWords [2]
               17.63    0.00 5611065/7884073     getLine [1]
-----------------------------------------------
                                                 <spontaneous>
[3]            64.1    0.00   16.09                 main [3]
                0.01   15.61       1/1           OUPrint [4]
                0.00    0.45       1/1           SSShiftSort [10]
                0.01    0.01       1/1           INLoad [12]
                0.00    0.00       1/1           WTInit [24]
                0.00    0.00       1/1           SSInit [23]
                0.00    0.00       1/1           LSInit [21]
                0.00    0.00       1/1           INInit [20]
                0.00    0.00       1/1           OUInit [22]
-----------------------------------------------
                0.01   15.61       1/1           main [3]
[4]           62.2    0.01   15.61       1         OUPrint [4]
                0.00   11.69 1222758/1222758     SSGetWord [6]
                0.01    3.91 1244566/1244566     SSNumWords [9]
                0.00    0.00 1222758/1222758     SSGetShiftNum [14]
                0.00    0.00   21809/21809       SSNumLines [16]
-----------------------------------------------
                0.02    6.27  980990/2203748     lineCompare [7]
                0.02    7.82 1222758/2203748     SSGetWord [6]
[5]           56.3    0.04   14.10 2203748         getWord [5]
                0.02    7.15 2203748/2273008     LSGetWord [8]
                0.01    6.92 2203748/5611065     LSNumWords [2]
-----------------------------------------------
                0.00   11.69 1222758/1222758     OUPrint [4]
[6]           46.5    0.00   11.69 1222758         SSGetWord [6]
                0.02    7.82 1222758/2203748     getWord [5]
                0.00    3.84 1222758/5611065     LSNumWords [2]
-----------------------------------------------
                                                 <spontaneous>
[7]           35.9    0.00    9.02                 lineCompare [7]
                0.02    6.27  980990/2203748     getWord [5]
                0.00    2.72  867231/5611065     LSNumWords [2]
-----------------------------------------------
                0.00    0.22   69260/2273008     SSShiftSort [10]
                0.02    7.15 2203748/2273008     getWord [5]
[8]           29.4    0.02    7.37 2273008         LSGetWord [8]
                7.14    0.00 2273008/7884073     getLine [1]
                0.23    0.00 2273008/2273008     getWord [11]
-----------------------------------------------
                0.01    3.91 1244566/1244566     OUPrint [4]
[9]           15.6    0.01    3.91 1244566         SSNumWords [9]
                0.00    3.91 1244566/5611065     LSNumWords [2]
-----------------------------------------------
                0.00    0.45       1/1           main [3]
[10]           1.8    0.00    0.45       1         SSShiftSort [10]
                0.00    0.23   72762/5611065     LSNumWords [2]
                0.00    0.22   69260/2273008     LSGetWord [8]
                0.00    0.00   69260/69260       WTIsMember [15]
                0.00    0.00    3504/3504        LSNumLines [17]
-----------------------------------------------
                0.23    0.00 2273008/2273008     LSGetWord [8]
[11]           0.9    0.23    0.00 2273008         getWord [11]
-----------------------------------------------
                0.01    0.01       1/1           main [3]
[12]           0.1    0.01    0.01       1         INLoad [12]
                0.01    0.00   34630/34630       LSAddWord [13]
                0.00    0.00    1751/1751        LSAddLine [18]
-----------------------------------------------
                0.01    0.00   34630/34630       INLoad [12]
[13]     0.0    0.01    0.00   34630         LSAddWord [13]
-----------------------------------------------
                0.00    0.00 1222758/1222758     OUPrint [4]
[14]     0.0    0.00    0.00 1222758         SSGetShiftNum [14]
-----------------------------------------------
                0.00    0.00   69260/69260       SSShiftSort [10]
[15]     0.0    0.00    0.00   69260         WTIsMember [15]
-----------------------------------------------
                0.00    0.00   21809/21809       OUPrint [4]
[16]     0.0    0.00    0.00   21809         SSNumLines [16]
-----------------------------------------------
                0.00    0.00    3504/3504        SSShiftSort [10]
[17]     0.0    0.00    0.00    3504         LSNumLines [17]
-----------------------------------------------
                0.00    0.00    1751/1751        INLoad [12]
[18]     0.0    0.00    0.00    1751         LSAddLine [18]
-----------------------------------------------
                0.00    0.00     347/347         WTInit [24]
[19]     0.0    0.00    0.00     347         getNextWord [19]
-----------------------------------------------
                0.00    0.00       1/1           main [3]
[20]     0.0    0.00    0.00       1         INInit [20]
-----------------------------------------------
                0.00    0.00       1/1           main [3]
[21]     0.0    0.00    0.00       1         LSInit [21]
-----------------------------------------------
                0.00    0.00       1/1           main [3]
[22]     0.0    0.00    0.00       1         OUInit [22]
-----------------------------------------------
                0.00    0.00       1/1           main [3]
[23]     0.0    0.00    0.00       1         SSInit [23]
-----------------------------------------------
                0.00    0.00       1/1           main [3]
[24]     0.0    0.00    0.00       1         WTInit [24]
                0.00    0.00     347/347         getNextWord [19]
-----------------------------------------------


Index by function name

  [20] INInit                 [22] OUInit                 [24] WTInit
  [12] INLoad                  [4] OUPrint                [15] WTIsMember
  [18] LSAddLine              [14] SSGetShiftNum           [1] getLine
  [13] LSAddWord               [6] SSGetWord              [19] getNextWord
   [8] LSGetWord              [23] SSInit                 [11] getWord
  [21] LSInit                 [16] SSNumLines              [5] getWord
  [17] LSNumLines              [9] SSNumWords
   [2] LSNumWords             [10] SSShiftSort
